<?xml version="1.0" encoding="UTF-8"?>
<!-- Generated by org.testng.reporters.JUnitReportReporter -->
<testsuite hostname="DESKTOP-999MFGP" failures="0" tests="3" name="test.ForgetPasswordTest" time="7.581" errors="0" timestamp="2022-08-20T15:04:08 IST" skipped="2">
  <testcase classname="test.ForgetPasswordTest" name="passRcoverByVallidUIdEmail" time="7.581"/>
  <system-out/>
  <testcase classname="test.ForgetPasswordTest" name="enterEmailId">
    <skipped/>
  </testcase> <!-- enterEmailId -->
  <system-out/>
  <testcase classname="test.ForgetPasswordTest" name="passRcoverByWithPanSms">
    <skipped/>
  </testcase> <!-- passRcoverByWithPanSms -->
  <system-out/>
</testsuite> <!-- test.ForgetPasswordTest -->
