<?xml version="1.0" encoding="UTF-8"?>
<!-- Generated by org.testng.reporters.JUnitReportReporter -->
<testsuite hostname="DESKTOP-999MFGP" failures="0" tests="1" name="test.LoginPageTest" time="19.071" errors="0" timestamp="2022-08-23T15:24:44 IST" skipped="0">
  <testcase classname="test.LoginPageTest" name="loginPage" time="19.071"/>
  <system-out/>
</testsuite> <!-- test.LoginPageTest -->
